<?xml version="1.0" encoding="UTF-8"?>
<testng-results skipped="0" failed="0" ignored="0" total="1" passed="1">
  <reporter-output>
  </reporter-output>
  <suite name="Default suite" duration-ms="18138" started-at="2021-11-09T00:11:30 IST" finished-at="2021-11-09T00:11:48 IST">
    <groups>
      <group name="cucumber">
        <method signature="AbstractTestNGCucumberTests.runScenario(io.cucumber.testng.PickleWrapper, io.cucumber.testng.FeatureWrapper)[pri:0, instance:com.mindtree.runner.TestRunner@4232c52b]" name="runScenario" class="io.cucumber.testng.AbstractTestNGCucumberTests"/>
      </group> <!-- cucumber -->
    </groups>
    <test name="Default test" duration-ms="18138" started-at="2021-11-09T00:11:30 IST" finished-at="2021-11-09T00:11:48 IST">
      <class name="com.mindtree.runner.TestRunner">
        <test-method status="PASS" signature="setUpClass(org.testng.ITestContext)[pri:0, instance:com.mindtree.runner.TestRunner@4232c52b]" name="setUpClass" is-config="true" duration-ms="543" started-at="2021-11-09T00:11:30 IST" finished-at="2021-11-09T00:11:31 IST">
          <params>
            <param index="0">
              <value>
                <![CDATA[org.testng.TestRunner@75e91545]]>
              </value>
            </param>
          </params>
          <reporter-output>
          </reporter-output>
        </test-method> <!-- setUpClass -->
        <test-method status="PASS" signature="runScenario(io.cucumber.testng.PickleWrapper, io.cucumber.testng.FeatureWrapper)[pri:0, instance:com.mindtree.runner.TestRunner@4232c52b]" name="runScenario" duration-ms="17508" started-at="2021-11-09T00:11:31 IST" description="Runs Cucumber Scenarios" data-provider="scenarios" finished-at="2021-11-09T00:11:48 IST">
          <params>
            <param index="0">
              <value>
                <![CDATA["Successful opening of the browser and hit the url"]]>
              </value>
            </param>
            <param index="1">
              <value>
                <![CDATA["Optional[Login]"]]>
              </value>
            </param>
          </params>
          <reporter-output>
          </reporter-output>
        </test-method> <!-- runScenario -->
        <test-method status="PASS" signature="tearDownClass()[pri:0, instance:com.mindtree.runner.TestRunner@4232c52b]" name="tearDownClass" is-config="true" duration-ms="6" started-at="2021-11-09T00:11:48 IST" finished-at="2021-11-09T00:11:48 IST">
          <reporter-output>
          </reporter-output>
        </test-method> <!-- tearDownClass -->
      </class> <!-- com.mindtree.runner.TestRunner -->
    </test> <!-- Default test -->
  </suite> <!-- Default suite -->
</testng-results>
